# JRE version: Java(TM) SE Runtime Environment (21.0.8+12) (build 21.0.8+12-LTS-250)
# Java VM: Java HotSpot(TM) 64-Bit Server VM (21.0.8+12-LTS-250, mixed mode, sharing, tiered, compressed oops, compressed class ptrs, g1 gc, windows-amd64)
GC Precious Log:
 CardTable entry size: 512
 Card Set container configuration: InlinePtr #cards 4 size 8 Array Of Cards #cards 16 size 48 Howl #buckets 8 coarsen threshold 3686 Howl Bitmap #cards 512 size 80 coarsen threshold 460 Card regions per heap region 1 cards per card region 4096
 CPUs: 12 total, 12 available
 Memory: 16091M
 Large Page Support: Disabled
 NUMA Support: Disabled
 Compressed Oops: Enabled (Zero based)
 Heap Region Size: 2M
 Heap Min Capacity: 8M
 Heap Initial Capacity: 252M
 Heap Max Capacity: 4024M
 Pre-touch: Disabled
 Parallel Workers: 10
 Concurrent Workers: 3
 Concurrent Refinement Workers: 10
 Periodic GC: Disabled
Heap:
 garbage-first heap   total 73728K, used 51420K [0x0000000704800000, 0x0000000800000000)
  region size 2048K, 16 young (32768K), 3 survivors (6144K)
 Metaspace       used 25635K, committed 26112K, reserved 1114112K
  class space    used 3481K, committed 3712K, reserved 1048576K
GC Heap History (14 events):
Event: 0.437 GC heap before
{Heap before GC invocations=0 (full 0):
 garbage-first heap   total 258048K, used 20480K [0x0000000704800000, 0x0000000800000000)
  region size 2048K, 11 young (22528K), 0 survivors (0K)
 Metaspace       used 4202K, committed 4288K, reserved 1114112K
  class space    used 475K, committed 512K, reserved 1048576K
}
Event: 0.439 GC heap after
{Heap after GC invocations=1 (full 0):
 garbage-first heap   total 258048K, used 3085K [0x0000000704800000, 0x0000000800000000)
  region size 2048K, 2 young (4096K), 2 survivors (4096K)
 Metaspace       used 4202K, committed 4288K, reserved 1114112K
  class space    used 475K, committed 512K, reserved 1048576K
}
Event: 0.819 GC heap before
{Heap before GC invocations=1 (full 0):
 garbage-first heap   total 258048K, used 37901K [0x0000000704800000, 0x0000000800000000)
  region size 2048K, 19 young (38912K), 2 survivors (4096K)
 Metaspace       used 11361K, committed 11584K, reserved 1114112K
  class space    used 1800K, committed 1920K, reserved 1048576K
}
Event: 0.822 GC heap after
{Heap after GC invocations=2 (full 0):
 garbage-first heap   total 258048K, used 6267K [0x0000000704800000, 0x0000000800000000)
  region size 2048K, 3 young (6144K), 3 survivors (6144K)
 Metaspace       used 11361K, committed 11584K, reserved 1114112K
  class space    used 1800K, committed 1920K, reserved 1048576K
}
Event: 3.522 GC heap before
{Heap before GC invocations=2 (full 0):
 garbage-first heap   total 258048K, used 39035K [0x0000000704800000, 0x0000000800000000)
  region size 2048K, 19 young (38912K), 3 survivors (6144K)
 Metaspace       used 21184K, committed 21504K, reserved 1114112K
  class space    used 3043K, committed 3200K, reserved 1048576K
}
Event: 3.526 GC heap after
{Heap after GC invocations=3 (full 0):
 garbage-first heap   total 258048K, used 11829K [0x0000000704800000, 0x0000000800000000)
  region size 2048K, 5 young (10240K), 5 survivors (10240K)
 Metaspace       used 21184K, committed 21504K, reserved 1114112K
  class space    used 3043K, committed 3200K, reserved 1048576K
}
Event: 4.360 GC heap before
{Heap before GC invocations=4 (full 0):
 garbage-first heap   total 55296K, used 52789K [0x0000000704800000, 0x0000000800000000)
  region size 2048K, 24 young (49152K), 5 survivors (10240K)
 Metaspace       used 23743K, committed 24128K, reserved 1114112K
  class space    used 3428K, committed 3584K, reserved 1048576K
}
Event: 4.369 GC heap after
{Heap after GC invocations=5 (full 0):
 garbage-first heap   total 73728K, used 18765K [0x0000000704800000, 0x0000000800000000)
  region size 2048K, 9 young (18432K), 9 survivors (18432K)
 Metaspace       used 23743K, committed 24128K, reserved 1114112K
  class space    used 3428K, committed 3584K, reserved 1048576K
}
Event: 19.026 GC heap before
{Heap before GC invocations=5 (full 0):
 garbage-first heap   total 73728K, used 43341K [0x0000000704800000, 0x0000000800000000)
  region size 2048K, 21 young (43008K), 9 survivors (18432K)
 Metaspace       used 24602K, committed 24960K, reserved 1114112K
  class space    used 3450K, committed 3584K, reserved 1048576K
}
Event: 19.034 GC heap after
{Heap after GC invocations=6 (full 0):
 garbage-first heap   total 73728K, used 23271K [0x0000000704800000, 0x0000000800000000)
  region size 2048K, 3 young (6144K), 3 survivors (6144K)
 Metaspace       used 24602K, committed 24960K, reserved 1114112K
  class space    used 3450K, committed 3584K, reserved 1048576K
}
Event: 35.463 GC heap before
{Heap before GC invocations=6 (full 0):
 garbage-first heap   total 73728K, used 56039K [0x0000000704800000, 0x0000000800000000)
  region size 2048K, 19 young (38912K), 3 survivors (6144K)
 Metaspace       used 25279K, committed 25728K, reserved 1114112K
  class space    used 3478K, committed 3712K, reserved 1048576K
}
Event: 35.466 GC heap after
{Heap after GC invocations=7 (full 0):
 garbage-first heap   total 73728K, used 26174K [0x0000000704800000, 0x0000000800000000)
  region size 2048K, 3 young (6144K), 3 survivors (6144K)
 Metaspace       used 25279K, committed 25728K, reserved 1114112K
  class space    used 3478K, committed 3712K, reserved 1048576K
}
Event: 64.414 GC heap before
{Heap before GC invocations=7 (full 0):
 garbage-first heap   total 73728K, used 56894K [0x0000000704800000, 0x0000000800000000)
  region size 2048K, 18 young (36864K), 3 survivors (6144K)
 Metaspace       used 25483K, committed 25984K, reserved 1114112K
  class space    used 3478K, committed 3712K, reserved 1048576K
}
Event: 64.418 GC heap after
{Heap after GC invocations=8 (full 0):
 garbage-first heap   total 73728K, used 26844K [0x0000000704800000, 0x0000000800000000)
  region size 2048K, 3 young (6144K), 3 survivors (6144K)
 Metaspace       used 25483K, committed 25984K, reserved 1114112K
  class space    used 3478K, committed 3712K, reserved 1048576K
}

